<?xml version="1.0" encoding="UTF-8"?>
<testng-results skipped="0" failed="0" total="1" passed="1">
  <reporter-output>
  </reporter-output>
  <suite name="Default suite" duration-ms="34881" started-at="2017-08-08T06:15:02Z" finished-at="2017-08-08T06:15:37Z">
    <groups>
    </groups>
    <test name="Default test" duration-ms="34881" started-at="2017-08-08T06:15:02Z" finished-at="2017-08-08T06:15:37Z">
      <class name="com.testing.Cliniops.Cliniops_DriverScriptTest">
        <test-method status="PASS" signature="cliniopsDriver()[pri:0, instance:com.testing.Cliniops.Cliniops_DriverScriptTest@68be2bc2]" name="cliniopsDriver" duration-ms="34867" started-at="2017-08-07T23:15:02Z" finished-at="2017-08-07T23:15:37Z">
          <reporter-output>
          </reporter-output>
        </test-method> <!-- cliniopsDriver -->
      </class> <!-- com.testing.Cliniops.Cliniops_DriverScriptTest -->
    </test> <!-- Default test -->
  </suite> <!-- Default suite -->
</testng-results>
